TagLib: Could not open file /home/esteban/music/Justice - Cross/01 - Genesis.wav
TagLib: Could not open file /home/esteban/music/Mr Oizo - Moustache (Half a Scissor)/01 - .wav
TagLib: Could not open file /home/esteban/music/Climax - Bande originale/03 - Pump up the volume (USA radio edit).wav
TagLib: Could not open file /home/esteban/music/Death Grips - Runaway/Runway Y-184534003.mp3
TagLib: Could not open file /home/esteban/music/Schwefelgelb - Der Puls Durch Die Schläfen/Schwefelgelb - Der Puls Durch Die Schläfen - 01 Der Klang Der Trommel.flac
TagLib: Could not open file /home/esteban/music/Schwefelgelb - Der Puls Durch Die Schläfen/Schwefelgelb - Der Puls Durch Die Schläfen - 01 Der Klang Der Trommel.flac
TagLib: Could not open file /home/esteban/music/Schwefelgelb - Der Puls Durch Die Schläfen/Schwefelgelb - Der Puls Durch Die Schläfen - 01 Der Klang Der Trommel.flac
TagLib: Could not open file /home/esteban/music/Schwefelgelb - Der Puls Durch Die Schläfen/Schwefelgelb - Der Puls Durch Die Schläfen - 01 Der Klang Der Trommel.flac
TagLib: Could not open file /home/esteban/music/Schwefelgelb - Der Puls Durch Die Schläfen/Schwefelgelb - Der Puls Durch Die Schläfen - 01 Der Klang Der Trommel.flac
TagLib: Could not open file /home/esteban/music/Schwefelgelb - Der Puls Durch Die Schläfen/Schwefelgelb - Der Puls Durch Die Schläfen - 01 Der Klang Der Trommel.flac
TagLib: Could not open file /home/esteban/music/Schwefelgelb - Der Puls Durch Die Schläfen/Schwefelgelb - Der Puls Durch Die Schläfen - 01 Der Klang Der Trommel.flac
TagLib: Could not open file /home/esteban/music/Schwefelgelb - Der Puls Durch Die Schläfen/Schwefelgelb - Der Puls Durch Die Schläfen - 01 Der Klang Der Trommel.flac
TagLib: Could not open file /home/esteban/music/Schwefelgelb - Der Puls Durch Die Schläfen/Schwefelgelb - Der Puls Durch Die Schläfen - 01 Der Klang Der Trommel.flac
TagLib: Could not open file /home/esteban/music/Justice - Cross/01 - Genesis.wav
TagLib: Could not open file /home/esteban/music/the_witcher_3_blood_and_wine_ost/flac/01 Blood and Wine.flac
writeCommonTags: couldn't write 'year' tag to 'kid-loops-promo/01 (Back To) The Lab.aif' as it's not a positive integer
writeCommonTags: couldn't write 'track' tag to 'kid-loops-promo/01 (Back To) The Lab.aif' as it's not a positive integer
writeCommonTags: couldn't write 'year' tag to 'kid-loops-promo/02 Futura.aif' as it's not a positive integer
writeCommonTags: couldn't write 'track' tag to 'kid-loops-promo/02 Futura.aif' as it's not a positive integer
writeCommonTags: couldn't write 'year' tag to 'kid-loops-promo/03 Alien Resident.aif' as it's not a positive integer
writeCommonTags: couldn't write 'track' tag to 'kid-loops-promo/03 Alien Resident.aif' as it's not a positive integer
writeCommonTags: couldn't write 'year' tag to 'kid-loops-promo/04 Digital Beatdown.aif' as it's not a positive integer
writeCommonTags: couldn't write 'track' tag to 'kid-loops-promo/04 Digital Beatdown.aif' as it's not a positive integer
